<?xml version="1.0" encoding="UTF-8"?>
<robot generator="Robot 4.0.1 (Python 3.9.4 on win32)" generated="20210505 16:42:52.749" rpa="false" schemaversion="2">
<suite id="s1" name="Create Tests" source="D:\WebDemo-main\create_tests">
<suite id="s1-s1" name="Invalid Create" source="D:\WebDemo-main\create_tests\invalid_create.robot">
<kw name="Open Browser To Create Page" library="resource" type="SETUP">
<kw name="Open Browser" library="SeleniumLibrary">
<arg>${CREATE URL}</arg>
<arg>${BROWSER}</arg>
<doc>Opens a new browser instance to the optional ``url``.</doc>
<msg timestamp="20210505 16:42:53.029" level="INFO">Opening browser 'Chrome' to base url 'http://localhost:7212/createClass.html'.</msg>
<status status="PASS" starttime="20210505 16:42:53.029" endtime="20210505 16:42:54.751"/>
</kw>
<kw name="Maximize Browser Window" library="SeleniumLibrary">
<doc>Maximizes current browser window.</doc>
<status status="PASS" starttime="20210505 16:42:54.752" endtime="20210505 16:42:54.869"/>
</kw>
<kw name="Set Selenium Speed" library="SeleniumLibrary">
<arg>${DELAY}</arg>
<doc>Sets the delay that is waited after each Selenium command.</doc>
<status status="PASS" starttime="20210505 16:42:54.870" endtime="20210505 16:42:54.870"/>
</kw>
<kw name="Create Page Should Be Open" library="resource">
<kw name="Title Should Be" library="SeleniumLibrary">
<arg>Create class</arg>
<doc>Verifies that the current page title equals ``title``.</doc>
<msg timestamp="20210505 16:42:54.873" level="INFO">Page title is 'Create class'.</msg>
<status status="PASS" starttime="20210505 16:42:54.870" endtime="20210505 16:42:54.874"/>
</kw>
<status status="PASS" starttime="20210505 16:42:54.870" endtime="20210505 16:42:54.874"/>
</kw>
<status status="PASS" starttime="20210505 16:42:53.029" endtime="20210505 16:42:54.874"/>
</kw>
<test id="s1-s1-t1" name="Empty Title">
<kw name="Go To Create Page" library="resource" type="SETUP">
<kw name="Go To" library="SeleniumLibrary">
<arg>${CREATE URL}</arg>
<doc>Navigates the current browser window to the provided ``url``.</doc>
<msg timestamp="20210505 16:42:54.875" level="INFO">Opening url 'http://localhost:7212/createClass.html'</msg>
<status status="PASS" starttime="20210505 16:42:54.875" endtime="20210505 16:42:55.209"/>
</kw>
<kw name="Create Page Should Be Open" library="resource">
<kw name="Title Should Be" library="SeleniumLibrary">
<arg>Create class</arg>
<doc>Verifies that the current page title equals ``title``.</doc>
<msg timestamp="20210505 16:42:55.213" level="INFO">Page title is 'Create class'.</msg>
<status status="PASS" starttime="20210505 16:42:55.210" endtime="20210505 16:42:55.213"/>
</kw>
<status status="PASS" starttime="20210505 16:42:55.209" endtime="20210505 16:42:55.213"/>
</kw>
<status status="PASS" starttime="20210505 16:42:54.875" endtime="20210505 16:42:55.213"/>
</kw>
<kw name="Create With Missing Fields Should Fail">
<arg>${EMPTY}</arg>
<arg>Suitable for chlidren</arg>
<arg>1</arg>
<arg>1</arg>
<kw name="Input Title" library="resource">
<arg>${title}</arg>
<kw name="Input Text" library="SeleniumLibrary">
<arg>title_field</arg>
<arg>${title}</arg>
<doc>Types the given ``text`` into the text field identified by ``locator``.</doc>
<msg timestamp="20210505 16:42:55.216" level="INFO">Typing text '' into text field 'title_field'.</msg>
<status status="PASS" starttime="20210505 16:42:55.216" endtime="20210505 16:42:55.280"/>
</kw>
<status status="PASS" starttime="20210505 16:42:55.215" endtime="20210505 16:42:55.280"/>
</kw>
<kw name="Input Description" library="resource">
<arg>${description}</arg>
<kw name="Input Text" library="SeleniumLibrary">
<arg>description_field</arg>
<arg>${description}</arg>
<doc>Types the given ``text`` into the text field identified by ``locator``.</doc>
<msg timestamp="20210505 16:42:55.281" level="INFO">Typing text 'Suitable for chlidren' into text field 'description_field'.</msg>
<status status="PASS" starttime="20210505 16:42:55.281" endtime="20210505 16:42:55.352"/>
</kw>
<status status="PASS" starttime="20210505 16:42:55.280" endtime="20210505 16:42:55.353"/>
</kw>
<kw name="Select Difficulty" library="resource">
<arg>${difficulty}</arg>
<kw name="Select From List By Value" library="SeleniumLibrary">
<arg>difficulty_field</arg>
<arg>${difficulty}</arg>
<doc>Selects options from selection list ``locator`` by ``values``.</doc>
<msg timestamp="20210505 16:42:55.353" level="INFO">Selecting options from selection list 'difficulty_field' by value 1.</msg>
<status status="PASS" starttime="20210505 16:42:55.353" endtime="20210505 16:42:55.401"/>
</kw>
<status status="PASS" starttime="20210505 16:42:55.353" endtime="20210505 16:42:55.401"/>
</kw>
<kw name="Select Language" library="resource">
<arg>${language}</arg>
<kw name="Select From List By Value" library="SeleniumLibrary">
<arg>language_field</arg>
<arg>${language}</arg>
<doc>Selects options from selection list ``locator`` by ``values``.</doc>
<msg timestamp="20210505 16:42:55.402" level="INFO">Selecting options from selection list 'language_field' by value 1.</msg>
<status status="PASS" starttime="20210505 16:42:55.402" endtime="20210505 16:42:55.450"/>
</kw>
<status status="PASS" starttime="20210505 16:42:55.401" endtime="20210505 16:42:55.450"/>
</kw>
<kw name="Submit Credentials" library="resource">
<kw name="Click Button" library="SeleniumLibrary">
<arg>submit_button</arg>
<doc>Clicks the button identified by ``locator``.</doc>
<msg timestamp="20210505 16:42:55.451" level="INFO">Clicking button 'submit_button'.</msg>
<status status="PASS" starttime="20210505 16:42:55.450" endtime="20210505 16:42:55.512"/>
</kw>
<status status="PASS" starttime="20210505 16:42:55.450" endtime="20210505 16:42:55.512"/>
</kw>
<kw name="Creation Should Have Failed">
<kw name="Location Should Be" library="SeleniumLibrary">
<arg>${ERROR URL}</arg>
<doc>Verifies that the current URL is exactly ``url``.</doc>
<msg timestamp="20210505 16:42:55.519" level="INFO">Current location is 'http://localhost:7212/classCreationError.html'.</msg>
<status status="PASS" starttime="20210505 16:42:55.513" endtime="20210505 16:42:55.519"/>
</kw>
<kw name="Title Should Be" library="SeleniumLibrary">
<arg>Error Page</arg>
<doc>Verifies that the current page title equals ``title``.</doc>
<msg timestamp="20210505 16:42:55.522" level="INFO">Page title is 'Error Page'.</msg>
<status status="PASS" starttime="20210505 16:42:55.519" endtime="20210505 16:42:55.522"/>
</kw>
<status status="PASS" starttime="20210505 16:42:55.512" endtime="20210505 16:42:55.522"/>
</kw>
<status status="PASS" starttime="20210505 16:42:55.214" endtime="20210505 16:42:55.522"/>
</kw>
<status status="PASS" starttime="20210505 16:42:54.874" endtime="20210505 16:42:55.523"/>
</test>
<test id="s1-s1-t2" name="Empty Description">
<kw name="Go To Create Page" library="resource" type="SETUP">
<kw name="Go To" library="SeleniumLibrary">
<arg>${CREATE URL}</arg>
<doc>Navigates the current browser window to the provided ``url``.</doc>
<msg timestamp="20210505 16:42:55.524" level="INFO">Opening url 'http://localhost:7212/createClass.html'</msg>
<status status="PASS" starttime="20210505 16:42:55.524" endtime="20210505 16:42:55.540"/>
</kw>
<kw name="Create Page Should Be Open" library="resource">
<kw name="Title Should Be" library="SeleniumLibrary">
<arg>Create class</arg>
<doc>Verifies that the current page title equals ``title``.</doc>
<msg timestamp="20210505 16:42:55.542" level="INFO">Page title is 'Create class'.</msg>
<status status="PASS" starttime="20210505 16:42:55.540" endtime="20210505 16:42:55.542"/>
</kw>
<status status="PASS" starttime="20210505 16:42:55.540" endtime="20210505 16:42:55.542"/>
</kw>
<status status="PASS" starttime="20210505 16:42:55.524" endtime="20210505 16:42:55.542"/>
</kw>
<kw name="Create With Missing Fields Should Fail">
<arg>Basic Yoga</arg>
<arg>${EMPTY}</arg>
<arg>1</arg>
<arg>1</arg>
<kw name="Input Title" library="resource">
<arg>${title}</arg>
<kw name="Input Text" library="SeleniumLibrary">
<arg>title_field</arg>
<arg>${title}</arg>
<doc>Types the given ``text`` into the text field identified by ``locator``.</doc>
<msg timestamp="20210505 16:42:55.545" level="INFO">Typing text 'Basic Yoga' into text field 'title_field'.</msg>
<status status="PASS" starttime="20210505 16:42:55.544" endtime="20210505 16:42:55.614"/>
</kw>
<status status="PASS" starttime="20210505 16:42:55.544" endtime="20210505 16:42:55.614"/>
</kw>
<kw name="Input Description" library="resource">
<arg>${description}</arg>
<kw name="Input Text" library="SeleniumLibrary">
<arg>description_field</arg>
<arg>${description}</arg>
<doc>Types the given ``text`` into the text field identified by ``locator``.</doc>
<msg timestamp="20210505 16:42:55.615" level="INFO">Typing text '' into text field 'description_field'.</msg>
<status status="PASS" starttime="20210505 16:42:55.615" endtime="20210505 16:42:55.668"/>
</kw>
<status status="PASS" starttime="20210505 16:42:55.615" endtime="20210505 16:42:55.668"/>
</kw>
<kw name="Select Difficulty" library="resource">
<arg>${difficulty}</arg>
<kw name="Select From List By Value" library="SeleniumLibrary">
<arg>difficulty_field</arg>
<arg>${difficulty}</arg>
<doc>Selects options from selection list ``locator`` by ``values``.</doc>
<msg timestamp="20210505 16:42:55.669" level="INFO">Selecting options from selection list 'difficulty_field' by value 1.</msg>
<status status="PASS" starttime="20210505 16:42:55.669" endtime="20210505 16:42:55.709"/>
</kw>
<status status="PASS" starttime="20210505 16:42:55.668" endtime="20210505 16:42:55.710"/>
</kw>
<kw name="Select Language" library="resource">
<arg>${language}</arg>
<kw name="Select From List By Value" library="SeleniumLibrary">
<arg>language_field</arg>
<arg>${language}</arg>
<doc>Selects options from selection list ``locator`` by ``values``.</doc>
<msg timestamp="20210505 16:42:55.710" level="INFO">Selecting options from selection list 'language_field' by value 1.</msg>
<status status="PASS" starttime="20210505 16:42:55.710" endtime="20210505 16:42:55.751"/>
</kw>
<status status="PASS" starttime="20210505 16:42:55.710" endtime="20210505 16:42:55.751"/>
</kw>
<kw name="Submit Credentials" library="resource">
<kw name="Click Button" library="SeleniumLibrary">
<arg>submit_button</arg>
<doc>Clicks the button identified by ``locator``.</doc>
<msg timestamp="20210505 16:42:55.752" level="INFO">Clicking button 'submit_button'.</msg>
<status status="PASS" starttime="20210505 16:42:55.752" endtime="20210505 16:42:55.806"/>
</kw>
<status status="PASS" starttime="20210505 16:42:55.751" endtime="20210505 16:42:55.806"/>
</kw>
<kw name="Creation Should Have Failed">
<kw name="Location Should Be" library="SeleniumLibrary">
<arg>${ERROR URL}</arg>
<doc>Verifies that the current URL is exactly ``url``.</doc>
<msg timestamp="20210505 16:42:55.809" level="INFO">Current location is 'http://localhost:7212/classCreationError.html'.</msg>
<status status="PASS" starttime="20210505 16:42:55.806" endtime="20210505 16:42:55.809"/>
</kw>
<kw name="Title Should Be" library="SeleniumLibrary">
<arg>Error Page</arg>
<doc>Verifies that the current page title equals ``title``.</doc>
<msg timestamp="20210505 16:42:55.812" level="INFO">Page title is 'Error Page'.</msg>
<status status="PASS" starttime="20210505 16:42:55.809" endtime="20210505 16:42:55.812"/>
</kw>
<status status="PASS" starttime="20210505 16:42:55.806" endtime="20210505 16:42:55.812"/>
</kw>
<status status="PASS" starttime="20210505 16:42:55.543" endtime="20210505 16:42:55.812"/>
</kw>
<status status="PASS" starttime="20210505 16:42:55.523" endtime="20210505 16:42:55.812"/>
</test>
<test id="s1-s1-t3" name="Empty Difficulty">
<kw name="Go To Create Page" library="resource" type="SETUP">
<kw name="Go To" library="SeleniumLibrary">
<arg>${CREATE URL}</arg>
<doc>Navigates the current browser window to the provided ``url``.</doc>
<msg timestamp="20210505 16:42:55.816" level="INFO">Opening url 'http://localhost:7212/createClass.html'</msg>
<status status="PASS" starttime="20210505 16:42:55.815" endtime="20210505 16:42:55.834"/>
</kw>
<kw name="Create Page Should Be Open" library="resource">
<kw name="Title Should Be" library="SeleniumLibrary">
<arg>Create class</arg>
<doc>Verifies that the current page title equals ``title``.</doc>
<msg timestamp="20210505 16:42:55.837" level="INFO">Page title is 'Create class'.</msg>
<status status="PASS" starttime="20210505 16:42:55.835" endtime="20210505 16:42:55.837"/>
</kw>
<status status="PASS" starttime="20210505 16:42:55.834" endtime="20210505 16:42:55.837"/>
</kw>
<status status="PASS" starttime="20210505 16:42:55.814" endtime="20210505 16:42:55.838"/>
</kw>
<kw name="Create With Missing Fields Should Fail">
<arg>Basic Yoga</arg>
<arg>Suitable for chlidren</arg>
<arg>0</arg>
<arg>1</arg>
<kw name="Input Title" library="resource">
<arg>${title}</arg>
<kw name="Input Text" library="SeleniumLibrary">
<arg>title_field</arg>
<arg>${title}</arg>
<doc>Types the given ``text`` into the text field identified by ``locator``.</doc>
<msg timestamp="20210505 16:42:55.839" level="INFO">Typing text 'Basic Yoga' into text field 'title_field'.</msg>
<status status="PASS" starttime="20210505 16:42:55.838" endtime="20210505 16:42:55.902"/>
</kw>
<status status="PASS" starttime="20210505 16:42:55.838" endtime="20210505 16:42:55.902"/>
</kw>
<kw name="Input Description" library="resource">
<arg>${description}</arg>
<kw name="Input Text" library="SeleniumLibrary">
<arg>description_field</arg>
<arg>${description}</arg>
<doc>Types the given ``text`` into the text field identified by ``locator``.</doc>
<msg timestamp="20210505 16:42:55.903" level="INFO">Typing text 'Suitable for chlidren' into text field 'description_field'.</msg>
<status status="PASS" starttime="20210505 16:42:55.903" endtime="20210505 16:42:55.963"/>
</kw>
<status status="PASS" starttime="20210505 16:42:55.902" endtime="20210505 16:42:55.964"/>
</kw>
<kw name="Select Difficulty" library="resource">
<arg>${difficulty}</arg>
<kw name="Select From List By Value" library="SeleniumLibrary">
<arg>difficulty_field</arg>
<arg>${difficulty}</arg>
<doc>Selects options from selection list ``locator`` by ``values``.</doc>
<msg timestamp="20210505 16:42:55.964" level="INFO">Selecting options from selection list 'difficulty_field' by value 0.</msg>
<status status="PASS" starttime="20210505 16:42:55.964" endtime="20210505 16:42:55.986"/>
</kw>
<status status="PASS" starttime="20210505 16:42:55.964" endtime="20210505 16:42:55.987"/>
</kw>
<kw name="Select Language" library="resource">
<arg>${language}</arg>
<kw name="Select From List By Value" library="SeleniumLibrary">
<arg>language_field</arg>
<arg>${language}</arg>
<doc>Selects options from selection list ``locator`` by ``values``.</doc>
<msg timestamp="20210505 16:42:55.987" level="INFO">Selecting options from selection list 'language_field' by value 1.</msg>
<status status="PASS" starttime="20210505 16:42:55.987" endtime="20210505 16:42:56.024"/>
</kw>
<status status="PASS" starttime="20210505 16:42:55.987" endtime="20210505 16:42:56.025"/>
</kw>
<kw name="Submit Credentials" library="resource">
<kw name="Click Button" library="SeleniumLibrary">
<arg>submit_button</arg>
<doc>Clicks the button identified by ``locator``.</doc>
<msg timestamp="20210505 16:42:56.025" level="INFO">Clicking button 'submit_button'.</msg>
<status status="PASS" starttime="20210505 16:42:56.025" endtime="20210505 16:42:56.077"/>
</kw>
<status status="PASS" starttime="20210505 16:42:56.025" endtime="20210505 16:42:56.077"/>
</kw>
<kw name="Creation Should Have Failed">
<kw name="Location Should Be" library="SeleniumLibrary">
<arg>${ERROR URL}</arg>
<doc>Verifies that the current URL is exactly ``url``.</doc>
<msg timestamp="20210505 16:42:56.081" level="INFO">Current location is 'http://localhost:7212/classCreationError.html'.</msg>
<status status="PASS" starttime="20210505 16:42:56.077" endtime="20210505 16:42:56.081"/>
</kw>
<kw name="Title Should Be" library="SeleniumLibrary">
<arg>Error Page</arg>
<doc>Verifies that the current page title equals ``title``.</doc>
<msg timestamp="20210505 16:42:56.085" level="INFO">Page title is 'Error Page'.</msg>
<status status="PASS" starttime="20210505 16:42:56.082" endtime="20210505 16:42:56.086"/>
</kw>
<status status="PASS" starttime="20210505 16:42:56.077" endtime="20210505 16:42:56.086"/>
</kw>
<status status="PASS" starttime="20210505 16:42:55.838" endtime="20210505 16:42:56.086"/>
</kw>
<status status="PASS" starttime="20210505 16:42:55.813" endtime="20210505 16:42:56.087"/>
</test>
<test id="s1-s1-t4" name="Empty Language">
<kw name="Go To Create Page" library="resource" type="SETUP">
<kw name="Go To" library="SeleniumLibrary">
<arg>${CREATE URL}</arg>
<doc>Navigates the current browser window to the provided ``url``.</doc>
<msg timestamp="20210505 16:42:56.089" level="INFO">Opening url 'http://localhost:7212/createClass.html'</msg>
<status status="PASS" starttime="20210505 16:42:56.089" endtime="20210505 16:42:56.105"/>
</kw>
<kw name="Create Page Should Be Open" library="resource">
<kw name="Title Should Be" library="SeleniumLibrary">
<arg>Create class</arg>
<doc>Verifies that the current page title equals ``title``.</doc>
<msg timestamp="20210505 16:42:56.108" level="INFO">Page title is 'Create class'.</msg>
<status status="PASS" starttime="20210505 16:42:56.105" endtime="20210505 16:42:56.108"/>
</kw>
<status status="PASS" starttime="20210505 16:42:56.105" endtime="20210505 16:42:56.108"/>
</kw>
<status status="PASS" starttime="20210505 16:42:56.088" endtime="20210505 16:42:56.108"/>
</kw>
<kw name="Create With Missing Fields Should Fail">
<arg>Basic Yoga</arg>
<arg>Suitable for chlidren</arg>
<arg>1</arg>
<arg>0</arg>
<kw name="Input Title" library="resource">
<arg>${title}</arg>
<kw name="Input Text" library="SeleniumLibrary">
<arg>title_field</arg>
<arg>${title}</arg>
<doc>Types the given ``text`` into the text field identified by ``locator``.</doc>
<msg timestamp="20210505 16:42:56.109" level="INFO">Typing text 'Basic Yoga' into text field 'title_field'.</msg>
<status status="PASS" starttime="20210505 16:42:56.109" endtime="20210505 16:42:56.169"/>
</kw>
<status status="PASS" starttime="20210505 16:42:56.109" endtime="20210505 16:42:56.169"/>
</kw>
<kw name="Input Description" library="resource">
<arg>${description}</arg>
<kw name="Input Text" library="SeleniumLibrary">
<arg>description_field</arg>
<arg>${description}</arg>
<doc>Types the given ``text`` into the text field identified by ``locator``.</doc>
<msg timestamp="20210505 16:42:56.170" level="INFO">Typing text 'Suitable for chlidren' into text field 'description_field'.</msg>
<status status="PASS" starttime="20210505 16:42:56.170" endtime="20210505 16:42:56.227"/>
</kw>
<status status="PASS" starttime="20210505 16:42:56.169" endtime="20210505 16:42:56.227"/>
</kw>
<kw name="Select Difficulty" library="resource">
<arg>${difficulty}</arg>
<kw name="Select From List By Value" library="SeleniumLibrary">
<arg>difficulty_field</arg>
<arg>${difficulty}</arg>
<doc>Selects options from selection list ``locator`` by ``values``.</doc>
<msg timestamp="20210505 16:42:56.228" level="INFO">Selecting options from selection list 'difficulty_field' by value 1.</msg>
<status status="PASS" starttime="20210505 16:42:56.228" endtime="20210505 16:42:56.268"/>
</kw>
<status status="PASS" starttime="20210505 16:42:56.228" endtime="20210505 16:42:56.269"/>
</kw>
<kw name="Select Language" library="resource">
<arg>${language}</arg>
<kw name="Select From List By Value" library="SeleniumLibrary">
<arg>language_field</arg>
<arg>${language}</arg>
<doc>Selects options from selection list ``locator`` by ``values``.</doc>
<msg timestamp="20210505 16:42:56.269" level="INFO">Selecting options from selection list 'language_field' by value 0.</msg>
<status status="PASS" starttime="20210505 16:42:56.269" endtime="20210505 16:42:56.296"/>
</kw>
<status status="PASS" starttime="20210505 16:42:56.269" endtime="20210505 16:42:56.297"/>
</kw>
<kw name="Submit Credentials" library="resource">
<kw name="Click Button" library="SeleniumLibrary">
<arg>submit_button</arg>
<doc>Clicks the button identified by ``locator``.</doc>
<msg timestamp="20210505 16:42:56.297" level="INFO">Clicking button 'submit_button'.</msg>
<status status="PASS" starttime="20210505 16:42:56.297" endtime="20210505 16:42:56.342"/>
</kw>
<status status="PASS" starttime="20210505 16:42:56.297" endtime="20210505 16:42:56.342"/>
</kw>
<kw name="Creation Should Have Failed">
<kw name="Location Should Be" library="SeleniumLibrary">
<arg>${ERROR URL}</arg>
<doc>Verifies that the current URL is exactly ``url``.</doc>
<msg timestamp="20210505 16:42:56.346" level="INFO">Current location is 'http://localhost:7212/classCreationError.html'.</msg>
<status status="PASS" starttime="20210505 16:42:56.342" endtime="20210505 16:42:56.346"/>
</kw>
<kw name="Title Should Be" library="SeleniumLibrary">
<arg>Error Page</arg>
<doc>Verifies that the current page title equals ``title``.</doc>
<msg timestamp="20210505 16:42:56.349" level="INFO">Page title is 'Error Page'.</msg>
<status status="PASS" starttime="20210505 16:42:56.346" endtime="20210505 16:42:56.349"/>
</kw>
<status status="PASS" starttime="20210505 16:42:56.342" endtime="20210505 16:42:56.349"/>
</kw>
<status status="PASS" starttime="20210505 16:42:56.108" endtime="20210505 16:42:56.350"/>
</kw>
<status status="PASS" starttime="20210505 16:42:56.087" endtime="20210505 16:42:56.350"/>
</test>
<test id="s1-s1-t5" name="Empty Title And Description">
<kw name="Go To Create Page" library="resource" type="SETUP">
<kw name="Go To" library="SeleniumLibrary">
<arg>${CREATE URL}</arg>
<doc>Navigates the current browser window to the provided ``url``.</doc>
<msg timestamp="20210505 16:42:56.352" level="INFO">Opening url 'http://localhost:7212/createClass.html'</msg>
<status status="PASS" starttime="20210505 16:42:56.352" endtime="20210505 16:42:56.371"/>
</kw>
<kw name="Create Page Should Be Open" library="resource">
<kw name="Title Should Be" library="SeleniumLibrary">
<arg>Create class</arg>
<doc>Verifies that the current page title equals ``title``.</doc>
<msg timestamp="20210505 16:42:56.374" level="INFO">Page title is 'Create class'.</msg>
<status status="PASS" starttime="20210505 16:42:56.372" endtime="20210505 16:42:56.374"/>
</kw>
<status status="PASS" starttime="20210505 16:42:56.371" endtime="20210505 16:42:56.374"/>
</kw>
<status status="PASS" starttime="20210505 16:42:56.351" endtime="20210505 16:42:56.375"/>
</kw>
<kw name="Create With Missing Fields Should Fail">
<arg>${EMPTY}</arg>
<arg>${EMPTY}</arg>
<arg>1</arg>
<arg>1</arg>
<kw name="Input Title" library="resource">
<arg>${title}</arg>
<kw name="Input Text" library="SeleniumLibrary">
<arg>title_field</arg>
<arg>${title}</arg>
<doc>Types the given ``text`` into the text field identified by ``locator``.</doc>
<msg timestamp="20210505 16:42:56.376" level="INFO">Typing text '' into text field 'title_field'.</msg>
<status status="PASS" starttime="20210505 16:42:56.376" endtime="20210505 16:42:56.433"/>
</kw>
<status status="PASS" starttime="20210505 16:42:56.376" endtime="20210505 16:42:56.433"/>
</kw>
<kw name="Input Description" library="resource">
<arg>${description}</arg>
<kw name="Input Text" library="SeleniumLibrary">
<arg>description_field</arg>
<arg>${description}</arg>
<doc>Types the given ``text`` into the text field identified by ``locator``.</doc>
<msg timestamp="20210505 16:42:56.433" level="INFO">Typing text '' into text field 'description_field'.</msg>
<status status="PASS" starttime="20210505 16:42:56.433" endtime="20210505 16:42:56.486"/>
</kw>
<status status="PASS" starttime="20210505 16:42:56.433" endtime="20210505 16:42:56.486"/>
</kw>
<kw name="Select Difficulty" library="resource">
<arg>${difficulty}</arg>
<kw name="Select From List By Value" library="SeleniumLibrary">
<arg>difficulty_field</arg>
<arg>${difficulty}</arg>
<doc>Selects options from selection list ``locator`` by ``values``.</doc>
<msg timestamp="20210505 16:42:56.486" level="INFO">Selecting options from selection list 'difficulty_field' by value 1.</msg>
<status status="PASS" starttime="20210505 16:42:56.486" endtime="20210505 16:42:56.530"/>
</kw>
<status status="PASS" starttime="20210505 16:42:56.486" endtime="20210505 16:42:56.531"/>
</kw>
<kw name="Select Language" library="resource">
<arg>${language}</arg>
<kw name="Select From List By Value" library="SeleniumLibrary">
<arg>language_field</arg>
<arg>${language}</arg>
<doc>Selects options from selection list ``locator`` by ``values``.</doc>
<msg timestamp="20210505 16:42:56.531" level="INFO">Selecting options from selection list 'language_field' by value 1.</msg>
<status status="PASS" starttime="20210505 16:42:56.531" endtime="20210505 16:42:56.570"/>
</kw>
<status status="PASS" starttime="20210505 16:42:56.531" endtime="20210505 16:42:56.570"/>
</kw>
<kw name="Submit Credentials" library="resource">
<kw name="Click Button" library="SeleniumLibrary">
<arg>submit_button</arg>
<doc>Clicks the button identified by ``locator``.</doc>
<msg timestamp="20210505 16:42:56.571" level="INFO">Clicking button 'submit_button'.</msg>
<status status="PASS" starttime="20210505 16:42:56.571" endtime="20210505 16:42:56.618"/>
</kw>
<status status="PASS" starttime="20210505 16:42:56.570" endtime="20210505 16:42:56.618"/>
</kw>
<kw name="Creation Should Have Failed">
<kw name="Location Should Be" library="SeleniumLibrary">
<arg>${ERROR URL}</arg>
<doc>Verifies that the current URL is exactly ``url``.</doc>
<msg timestamp="20210505 16:42:56.621" level="INFO">Current location is 'http://localhost:7212/classCreationError.html'.</msg>
<status status="PASS" starttime="20210505 16:42:56.618" endtime="20210505 16:42:56.621"/>
</kw>
<kw name="Title Should Be" library="SeleniumLibrary">
<arg>Error Page</arg>
<doc>Verifies that the current page title equals ``title``.</doc>
<msg timestamp="20210505 16:42:56.625" level="INFO">Page title is 'Error Page'.</msg>
<status status="PASS" starttime="20210505 16:42:56.622" endtime="20210505 16:42:56.625"/>
</kw>
<status status="PASS" starttime="20210505 16:42:56.618" endtime="20210505 16:42:56.626"/>
</kw>
<status status="PASS" starttime="20210505 16:42:56.375" endtime="20210505 16:42:56.626"/>
</kw>
<status status="PASS" starttime="20210505 16:42:56.351" endtime="20210505 16:42:56.626"/>
</test>
<test id="s1-s1-t6" name="Empty Title And Difficulty">
<kw name="Go To Create Page" library="resource" type="SETUP">
<kw name="Go To" library="SeleniumLibrary">
<arg>${CREATE URL}</arg>
<doc>Navigates the current browser window to the provided ``url``.</doc>
<msg timestamp="20210505 16:42:56.629" level="INFO">Opening url 'http://localhost:7212/createClass.html'</msg>
<status status="PASS" starttime="20210505 16:42:56.628" endtime="20210505 16:42:56.642"/>
</kw>
<kw name="Create Page Should Be Open" library="resource">
<kw name="Title Should Be" library="SeleniumLibrary">
<arg>Create class</arg>
<doc>Verifies that the current page title equals ``title``.</doc>
<msg timestamp="20210505 16:42:56.646" level="INFO">Page title is 'Create class'.</msg>
<status status="PASS" starttime="20210505 16:42:56.643" endtime="20210505 16:42:56.646"/>
</kw>
<status status="PASS" starttime="20210505 16:42:56.642" endtime="20210505 16:42:56.646"/>
</kw>
<status status="PASS" starttime="20210505 16:42:56.628" endtime="20210505 16:42:56.646"/>
</kw>
<kw name="Create With Missing Fields Should Fail">
<arg>${EMPTY}</arg>
<arg>Suitable for chlidren</arg>
<arg>0</arg>
<arg>1</arg>
<kw name="Input Title" library="resource">
<arg>${title}</arg>
<kw name="Input Text" library="SeleniumLibrary">
<arg>title_field</arg>
<arg>${title}</arg>
<doc>Types the given ``text`` into the text field identified by ``locator``.</doc>
<msg timestamp="20210505 16:42:56.649" level="INFO">Typing text '' into text field 'title_field'.</msg>
<status status="PASS" starttime="20210505 16:42:56.648" endtime="20210505 16:42:56.706"/>
</kw>
<status status="PASS" starttime="20210505 16:42:56.648" endtime="20210505 16:42:56.706"/>
</kw>
<kw name="Input Description" library="resource">
<arg>${description}</arg>
<kw name="Input Text" library="SeleniumLibrary">
<arg>description_field</arg>
<arg>${description}</arg>
<doc>Types the given ``text`` into the text field identified by ``locator``.</doc>
<msg timestamp="20210505 16:42:56.706" level="INFO">Typing text 'Suitable for chlidren' into text field 'description_field'.</msg>
<status status="PASS" starttime="20210505 16:42:56.706" endtime="20210505 16:42:56.769"/>
</kw>
<status status="PASS" starttime="20210505 16:42:56.706" endtime="20210505 16:42:56.769"/>
</kw>
<kw name="Select Difficulty" library="resource">
<arg>${difficulty}</arg>
<kw name="Select From List By Value" library="SeleniumLibrary">
<arg>difficulty_field</arg>
<arg>${difficulty}</arg>
<doc>Selects options from selection list ``locator`` by ``values``.</doc>
<msg timestamp="20210505 16:42:56.771" level="INFO">Selecting options from selection list 'difficulty_field' by value 0.</msg>
<status status="PASS" starttime="20210505 16:42:56.769" endtime="20210505 16:42:56.798"/>
</kw>
<status status="PASS" starttime="20210505 16:42:56.769" endtime="20210505 16:42:56.799"/>
</kw>
<kw name="Select Language" library="resource">
<arg>${language}</arg>
<kw name="Select From List By Value" library="SeleniumLibrary">
<arg>language_field</arg>
<arg>${language}</arg>
<doc>Selects options from selection list ``locator`` by ``values``.</doc>
<msg timestamp="20210505 16:42:56.799" level="INFO">Selecting options from selection list 'language_field' by value 1.</msg>
<status status="PASS" starttime="20210505 16:42:56.799" endtime="20210505 16:42:56.842"/>
</kw>
<status status="PASS" starttime="20210505 16:42:56.799" endtime="20210505 16:42:56.842"/>
</kw>
<kw name="Submit Credentials" library="resource">
<kw name="Click Button" library="SeleniumLibrary">
<arg>submit_button</arg>
<doc>Clicks the button identified by ``locator``.</doc>
<msg timestamp="20210505 16:42:56.843" level="INFO">Clicking button 'submit_button'.</msg>
<status status="PASS" starttime="20210505 16:42:56.843" endtime="20210505 16:42:56.891"/>
</kw>
<status status="PASS" starttime="20210505 16:42:56.843" endtime="20210505 16:42:56.891"/>
</kw>
<kw name="Creation Should Have Failed">
<kw name="Location Should Be" library="SeleniumLibrary">
<arg>${ERROR URL}</arg>
<doc>Verifies that the current URL is exactly ``url``.</doc>
<msg timestamp="20210505 16:42:56.895" level="INFO">Current location is 'http://localhost:7212/classCreationError.html'.</msg>
<status status="PASS" starttime="20210505 16:42:56.892" endtime="20210505 16:42:56.895"/>
</kw>
<kw name="Title Should Be" library="SeleniumLibrary">
<arg>Error Page</arg>
<doc>Verifies that the current page title equals ``title``.</doc>
<msg timestamp="20210505 16:42:56.899" level="INFO">Page title is 'Error Page'.</msg>
<status status="PASS" starttime="20210505 16:42:56.895" endtime="20210505 16:42:56.899"/>
</kw>
<status status="PASS" starttime="20210505 16:42:56.891" endtime="20210505 16:42:56.899"/>
</kw>
<status status="PASS" starttime="20210505 16:42:56.646" endtime="20210505 16:42:56.899"/>
</kw>
<status status="PASS" starttime="20210505 16:42:56.628" endtime="20210505 16:42:56.899"/>
</test>
<test id="s1-s1-t7" name="Empty Title And Language">
<kw name="Go To Create Page" library="resource" type="SETUP">
<kw name="Go To" library="SeleniumLibrary">
<arg>${CREATE URL}</arg>
<doc>Navigates the current browser window to the provided ``url``.</doc>
<msg timestamp="20210505 16:42:56.901" level="INFO">Opening url 'http://localhost:7212/createClass.html'</msg>
<status status="PASS" starttime="20210505 16:42:56.901" endtime="20210505 16:42:56.916"/>
</kw>
<kw name="Create Page Should Be Open" library="resource">
<kw name="Title Should Be" library="SeleniumLibrary">
<arg>Create class</arg>
<doc>Verifies that the current page title equals ``title``.</doc>
<msg timestamp="20210505 16:42:56.920" level="INFO">Page title is 'Create class'.</msg>
<status status="PASS" starttime="20210505 16:42:56.917" endtime="20210505 16:42:56.921"/>
</kw>
<status status="PASS" starttime="20210505 16:42:56.917" endtime="20210505 16:42:56.921"/>
</kw>
<status status="PASS" starttime="20210505 16:42:56.901" endtime="20210505 16:42:56.921"/>
</kw>
<kw name="Create With Missing Fields Should Fail">
<arg>${EMPTY}</arg>
<arg>Suitable for chlidren</arg>
<arg>1</arg>
<arg>0</arg>
<kw name="Input Title" library="resource">
<arg>${title}</arg>
<kw name="Input Text" library="SeleniumLibrary">
<arg>title_field</arg>
<arg>${title}</arg>
<doc>Types the given ``text`` into the text field identified by ``locator``.</doc>
<msg timestamp="20210505 16:42:56.923" level="INFO">Typing text '' into text field 'title_field'.</msg>
<status status="PASS" starttime="20210505 16:42:56.923" endtime="20210505 16:42:56.975"/>
</kw>
<status status="PASS" starttime="20210505 16:42:56.922" endtime="20210505 16:42:56.975"/>
</kw>
<kw name="Input Description" library="resource">
<arg>${description}</arg>
<kw name="Input Text" library="SeleniumLibrary">
<arg>description_field</arg>
<arg>${description}</arg>
<doc>Types the given ``text`` into the text field identified by ``locator``.</doc>
<msg timestamp="20210505 16:42:56.975" level="INFO">Typing text 'Suitable for chlidren' into text field 'description_field'.</msg>
<status status="PASS" starttime="20210505 16:42:56.975" endtime="20210505 16:42:57.034"/>
</kw>
<status status="PASS" starttime="20210505 16:42:56.975" endtime="20210505 16:42:57.035"/>
</kw>
<kw name="Select Difficulty" library="resource">
<arg>${difficulty}</arg>
<kw name="Select From List By Value" library="SeleniumLibrary">
<arg>difficulty_field</arg>
<arg>${difficulty}</arg>
<doc>Selects options from selection list ``locator`` by ``values``.</doc>
<msg timestamp="20210505 16:42:57.035" level="INFO">Selecting options from selection list 'difficulty_field' by value 1.</msg>
<status status="PASS" starttime="20210505 16:42:57.035" endtime="20210505 16:42:57.076"/>
</kw>
<status status="PASS" starttime="20210505 16:42:57.035" endtime="20210505 16:42:57.076"/>
</kw>
<kw name="Select Language" library="resource">
<arg>${language}</arg>
<kw name="Select From List By Value" library="SeleniumLibrary">
<arg>language_field</arg>
<arg>${language}</arg>
<doc>Selects options from selection list ``locator`` by ``values``.</doc>
<msg timestamp="20210505 16:42:57.077" level="INFO">Selecting options from selection list 'language_field' by value 0.</msg>
<status status="PASS" starttime="20210505 16:42:57.077" endtime="20210505 16:42:57.106"/>
</kw>
<status status="PASS" starttime="20210505 16:42:57.077" endtime="20210505 16:42:57.106"/>
</kw>
<kw name="Submit Credentials" library="resource">
<kw name="Click Button" library="SeleniumLibrary">
<arg>submit_button</arg>
<doc>Clicks the button identified by ``locator``.</doc>
<msg timestamp="20210505 16:42:57.106" level="INFO">Clicking button 'submit_button'.</msg>
<status status="PASS" starttime="20210505 16:42:57.106" endtime="20210505 16:42:57.153"/>
</kw>
<status status="PASS" starttime="20210505 16:42:57.106" endtime="20210505 16:42:57.153"/>
</kw>
<kw name="Creation Should Have Failed">
<kw name="Location Should Be" library="SeleniumLibrary">
<arg>${ERROR URL}</arg>
<doc>Verifies that the current URL is exactly ``url``.</doc>
<msg timestamp="20210505 16:42:57.157" level="INFO">Current location is 'http://localhost:7212/classCreationError.html'.</msg>
<status status="PASS" starttime="20210505 16:42:57.153" endtime="20210505 16:42:57.157"/>
</kw>
<kw name="Title Should Be" library="SeleniumLibrary">
<arg>Error Page</arg>
<doc>Verifies that the current page title equals ``title``.</doc>
<msg timestamp="20210505 16:42:57.161" level="INFO">Page title is 'Error Page'.</msg>
<status status="PASS" starttime="20210505 16:42:57.157" endtime="20210505 16:42:57.161"/>
</kw>
<status status="PASS" starttime="20210505 16:42:57.153" endtime="20210505 16:42:57.161"/>
</kw>
<status status="PASS" starttime="20210505 16:42:56.921" endtime="20210505 16:42:57.161"/>
</kw>
<status status="PASS" starttime="20210505 16:42:56.900" endtime="20210505 16:42:57.162"/>
</test>
<test id="s1-s1-t8" name="Empty Description And Difficulty">
<kw name="Go To Create Page" library="resource" type="SETUP">
<kw name="Go To" library="SeleniumLibrary">
<arg>${CREATE URL}</arg>
<doc>Navigates the current browser window to the provided ``url``.</doc>
<msg timestamp="20210505 16:42:57.164" level="INFO">Opening url 'http://localhost:7212/createClass.html'</msg>
<status status="PASS" starttime="20210505 16:42:57.164" endtime="20210505 16:42:57.177"/>
</kw>
<kw name="Create Page Should Be Open" library="resource">
<kw name="Title Should Be" library="SeleniumLibrary">
<arg>Create class</arg>
<doc>Verifies that the current page title equals ``title``.</doc>
<msg timestamp="20210505 16:42:57.181" level="INFO">Page title is 'Create class'.</msg>
<status status="PASS" starttime="20210505 16:42:57.177" endtime="20210505 16:42:57.181"/>
</kw>
<status status="PASS" starttime="20210505 16:42:57.177" endtime="20210505 16:42:57.181"/>
</kw>
<status status="PASS" starttime="20210505 16:42:57.163" endtime="20210505 16:42:57.182"/>
</kw>
<kw name="Create With Missing Fields Should Fail">
<arg>Basic Yoga</arg>
<arg>${EMPTY}</arg>
<arg>0</arg>
<arg>1</arg>
<kw name="Input Title" library="resource">
<arg>${title}</arg>
<kw name="Input Text" library="SeleniumLibrary">
<arg>title_field</arg>
<arg>${title}</arg>
<doc>Types the given ``text`` into the text field identified by ``locator``.</doc>
<msg timestamp="20210505 16:42:57.184" level="INFO">Typing text 'Basic Yoga' into text field 'title_field'.</msg>
<status status="PASS" starttime="20210505 16:42:57.183" endtime="20210505 16:42:57.245"/>
</kw>
<status status="PASS" starttime="20210505 16:42:57.183" endtime="20210505 16:42:57.245"/>
</kw>
<kw name="Input Description" library="resource">
<arg>${description}</arg>
<kw name="Input Text" library="SeleniumLibrary">
<arg>description_field</arg>
<arg>${description}</arg>
<doc>Types the given ``text`` into the text field identified by ``locator``.</doc>
<msg timestamp="20210505 16:42:57.246" level="INFO">Typing text '' into text field 'description_field'.</msg>
<status status="PASS" starttime="20210505 16:42:57.246" endtime="20210505 16:42:57.297"/>
</kw>
<status status="PASS" starttime="20210505 16:42:57.245" endtime="20210505 16:42:57.297"/>
</kw>
<kw name="Select Difficulty" library="resource">
<arg>${difficulty}</arg>
<kw name="Select From List By Value" library="SeleniumLibrary">
<arg>difficulty_field</arg>
<arg>${difficulty}</arg>
<doc>Selects options from selection list ``locator`` by ``values``.</doc>
<msg timestamp="20210505 16:42:57.298" level="INFO">Selecting options from selection list 'difficulty_field' by value 0.</msg>
<status status="PASS" starttime="20210505 16:42:57.298" endtime="20210505 16:42:57.324"/>
</kw>
<status status="PASS" starttime="20210505 16:42:57.297" endtime="20210505 16:42:57.325"/>
</kw>
<kw name="Select Language" library="resource">
<arg>${language}</arg>
<kw name="Select From List By Value" library="SeleniumLibrary">
<arg>language_field</arg>
<arg>${language}</arg>
<doc>Selects options from selection list ``locator`` by ``values``.</doc>
<msg timestamp="20210505 16:42:57.325" level="INFO">Selecting options from selection list 'language_field' by value 1.</msg>
<status status="PASS" starttime="20210505 16:42:57.325" endtime="20210505 16:42:57.365"/>
</kw>
<status status="PASS" starttime="20210505 16:42:57.325" endtime="20210505 16:42:57.365"/>
</kw>
<kw name="Submit Credentials" library="resource">
<kw name="Click Button" library="SeleniumLibrary">
<arg>submit_button</arg>
<doc>Clicks the button identified by ``locator``.</doc>
<msg timestamp="20210505 16:42:57.365" level="INFO">Clicking button 'submit_button'.</msg>
<status status="PASS" starttime="20210505 16:42:57.365" endtime="20210505 16:42:57.410"/>
</kw>
<status status="PASS" starttime="20210505 16:42:57.365" endtime="20210505 16:42:57.410"/>
</kw>
<kw name="Creation Should Have Failed">
<kw name="Location Should Be" library="SeleniumLibrary">
<arg>${ERROR URL}</arg>
<doc>Verifies that the current URL is exactly ``url``.</doc>
<msg timestamp="20210505 16:42:57.414" level="INFO">Current location is 'http://localhost:7212/classCreationError.html'.</msg>
<status status="PASS" starttime="20210505 16:42:57.411" endtime="20210505 16:42:57.414"/>
</kw>
<kw name="Title Should Be" library="SeleniumLibrary">
<arg>Error Page</arg>
<doc>Verifies that the current page title equals ``title``.</doc>
<msg timestamp="20210505 16:42:57.417" level="INFO">Page title is 'Error Page'.</msg>
<status status="PASS" starttime="20210505 16:42:57.415" endtime="20210505 16:42:57.417"/>
</kw>
<status status="PASS" starttime="20210505 16:42:57.410" endtime="20210505 16:42:57.418"/>
</kw>
<status status="PASS" starttime="20210505 16:42:57.182" endtime="20210505 16:42:57.418"/>
</kw>
<status status="PASS" starttime="20210505 16:42:57.163" endtime="20210505 16:42:57.418"/>
</test>
<test id="s1-s1-t9" name="Empty Description And Language">
<kw name="Go To Create Page" library="resource" type="SETUP">
<kw name="Go To" library="SeleniumLibrary">
<arg>${CREATE URL}</arg>
<doc>Navigates the current browser window to the provided ``url``.</doc>
<msg timestamp="20210505 16:42:57.420" level="INFO">Opening url 'http://localhost:7212/createClass.html'</msg>
<status status="PASS" starttime="20210505 16:42:57.420" endtime="20210505 16:42:57.438"/>
</kw>
<kw name="Create Page Should Be Open" library="resource">
<kw name="Title Should Be" library="SeleniumLibrary">
<arg>Create class</arg>
<doc>Verifies that the current page title equals ``title``.</doc>
<msg timestamp="20210505 16:42:57.441" level="INFO">Page title is 'Create class'.</msg>
<status status="PASS" starttime="20210505 16:42:57.439" endtime="20210505 16:42:57.441"/>
</kw>
<status status="PASS" starttime="20210505 16:42:57.438" endtime="20210505 16:42:57.441"/>
</kw>
<status status="PASS" starttime="20210505 16:42:57.420" endtime="20210505 16:42:57.441"/>
</kw>
<kw name="Create With Missing Fields Should Fail">
<arg>Basic Yoga</arg>
<arg>${EMPTY}</arg>
<arg>1</arg>
<arg>0</arg>
<kw name="Input Title" library="resource">
<arg>${title}</arg>
<kw name="Input Text" library="SeleniumLibrary">
<arg>title_field</arg>
<arg>${title}</arg>
<doc>Types the given ``text`` into the text field identified by ``locator``.</doc>
<msg timestamp="20210505 16:42:57.443" level="INFO">Typing text 'Basic Yoga' into text field 'title_field'.</msg>
<status status="PASS" starttime="20210505 16:42:57.443" endtime="20210505 16:42:57.510"/>
</kw>
<status status="PASS" starttime="20210505 16:42:57.442" endtime="20210505 16:42:57.510"/>
</kw>
<kw name="Input Description" library="resource">
<arg>${description}</arg>
<kw name="Input Text" library="SeleniumLibrary">
<arg>description_field</arg>
<arg>${description}</arg>
<doc>Types the given ``text`` into the text field identified by ``locator``.</doc>
<msg timestamp="20210505 16:42:57.511" level="INFO">Typing text '' into text field 'description_field'.</msg>
<status status="PASS" starttime="20210505 16:42:57.510" endtime="20210505 16:42:57.561"/>
</kw>
<status status="PASS" starttime="20210505 16:42:57.510" endtime="20210505 16:42:57.561"/>
</kw>
<kw name="Select Difficulty" library="resource">
<arg>${difficulty}</arg>
<kw name="Select From List By Value" library="SeleniumLibrary">
<arg>difficulty_field</arg>
<arg>${difficulty}</arg>
<doc>Selects options from selection list ``locator`` by ``values``.</doc>
<msg timestamp="20210505 16:42:57.562" level="INFO">Selecting options from selection list 'difficulty_field' by value 1.</msg>
<status status="PASS" starttime="20210505 16:42:57.562" endtime="20210505 16:42:57.604"/>
</kw>
<status status="PASS" starttime="20210505 16:42:57.561" endtime="20210505 16:42:57.604"/>
</kw>
<kw name="Select Language" library="resource">
<arg>${language}</arg>
<kw name="Select From List By Value" library="SeleniumLibrary">
<arg>language_field</arg>
<arg>${language}</arg>
<doc>Selects options from selection list ``locator`` by ``values``.</doc>
<msg timestamp="20210505 16:42:57.605" level="INFO">Selecting options from selection list 'language_field' by value 0.</msg>
<status status="PASS" starttime="20210505 16:42:57.605" endtime="20210505 16:42:57.632"/>
</kw>
<status status="PASS" starttime="20210505 16:42:57.605" endtime="20210505 16:42:57.632"/>
</kw>
<kw name="Submit Credentials" library="resource">
<kw name="Click Button" library="SeleniumLibrary">
<arg>submit_button</arg>
<doc>Clicks the button identified by ``locator``.</doc>
<msg timestamp="20210505 16:42:57.632" level="INFO">Clicking button 'submit_button'.</msg>
<status status="PASS" starttime="20210505 16:42:57.632" endtime="20210505 16:42:57.676"/>
</kw>
<status status="PASS" starttime="20210505 16:42:57.632" endtime="20210505 16:42:57.676"/>
</kw>
<kw name="Creation Should Have Failed">
<kw name="Location Should Be" library="SeleniumLibrary">
<arg>${ERROR URL}</arg>
<doc>Verifies that the current URL is exactly ``url``.</doc>
<msg timestamp="20210505 16:42:57.680" level="INFO">Current location is 'http://localhost:7212/classCreationError.html'.</msg>
<status status="PASS" starttime="20210505 16:42:57.677" endtime="20210505 16:42:57.680"/>
</kw>
<kw name="Title Should Be" library="SeleniumLibrary">
<arg>Error Page</arg>
<doc>Verifies that the current page title equals ``title``.</doc>
<msg timestamp="20210505 16:42:57.683" level="INFO">Page title is 'Error Page'.</msg>
<status status="PASS" starttime="20210505 16:42:57.680" endtime="20210505 16:42:57.683"/>
</kw>
<status status="PASS" starttime="20210505 16:42:57.676" endtime="20210505 16:42:57.683"/>
</kw>
<status status="PASS" starttime="20210505 16:42:57.442" endtime="20210505 16:42:57.684"/>
</kw>
<status status="PASS" starttime="20210505 16:42:57.419" endtime="20210505 16:42:57.684"/>
</test>
<test id="s1-s1-t10" name="Empty Difficulty And Language">
<kw name="Go To Create Page" library="resource" type="SETUP">
<kw name="Go To" library="SeleniumLibrary">
<arg>${CREATE URL}</arg>
<doc>Navigates the current browser window to the provided ``url``.</doc>
<msg timestamp="20210505 16:42:57.686" level="INFO">Opening url 'http://localhost:7212/createClass.html'</msg>
<status status="PASS" starttime="20210505 16:42:57.686" endtime="20210505 16:42:57.706"/>
</kw>
<kw name="Create Page Should Be Open" library="resource">
<kw name="Title Should Be" library="SeleniumLibrary">
<arg>Create class</arg>
<doc>Verifies that the current page title equals ``title``.</doc>
<msg timestamp="20210505 16:42:57.709" level="INFO">Page title is 'Create class'.</msg>
<status status="PASS" starttime="20210505 16:42:57.707" endtime="20210505 16:42:57.709"/>
</kw>
<status status="PASS" starttime="20210505 16:42:57.706" endtime="20210505 16:42:57.709"/>
</kw>
<status status="PASS" starttime="20210505 16:42:57.686" endtime="20210505 16:42:57.710"/>
</kw>
<kw name="Create With Missing Fields Should Fail">
<arg>Basic Yoga</arg>
<arg>Suitable for chlidren</arg>
<arg>0</arg>
<arg>0</arg>
<kw name="Input Title" library="resource">
<arg>${title}</arg>
<kw name="Input Text" library="SeleniumLibrary">
<arg>title_field</arg>
<arg>${title}</arg>
<doc>Types the given ``text`` into the text field identified by ``locator``.</doc>
<msg timestamp="20210505 16:42:57.711" level="INFO">Typing text 'Basic Yoga' into text field 'title_field'.</msg>
<status status="PASS" starttime="20210505 16:42:57.710" endtime="20210505 16:42:57.772"/>
</kw>
<status status="PASS" starttime="20210505 16:42:57.710" endtime="20210505 16:42:57.772"/>
</kw>
<kw name="Input Description" library="resource">
<arg>${description}</arg>
<kw name="Input Text" library="SeleniumLibrary">
<arg>description_field</arg>
<arg>${description}</arg>
<doc>Types the given ``text`` into the text field identified by ``locator``.</doc>
<msg timestamp="20210505 16:42:57.772" level="INFO">Typing text 'Suitable for chlidren' into text field 'description_field'.</msg>
<status status="PASS" starttime="20210505 16:42:57.772" endtime="20210505 16:42:57.834"/>
</kw>
<status status="PASS" starttime="20210505 16:42:57.772" endtime="20210505 16:42:57.835"/>
</kw>
<kw name="Select Difficulty" library="resource">
<arg>${difficulty}</arg>
<kw name="Select From List By Value" library="SeleniumLibrary">
<arg>difficulty_field</arg>
<arg>${difficulty}</arg>
<doc>Selects options from selection list ``locator`` by ``values``.</doc>
<msg timestamp="20210505 16:42:57.835" level="INFO">Selecting options from selection list 'difficulty_field' by value 0.</msg>
<status status="PASS" starttime="20210505 16:42:57.835" endtime="20210505 16:42:57.860"/>
</kw>
<status status="PASS" starttime="20210505 16:42:57.835" endtime="20210505 16:42:57.860"/>
</kw>
<kw name="Select Language" library="resource">
<arg>${language}</arg>
<kw name="Select From List By Value" library="SeleniumLibrary">
<arg>language_field</arg>
<arg>${language}</arg>
<doc>Selects options from selection list ``locator`` by ``values``.</doc>
<msg timestamp="20210505 16:42:57.861" level="INFO">Selecting options from selection list 'language_field' by value 0.</msg>
<status status="PASS" starttime="20210505 16:42:57.861" endtime="20210505 16:42:57.886"/>
</kw>
<status status="PASS" starttime="20210505 16:42:57.860" endtime="20210505 16:42:57.887"/>
</kw>
<kw name="Submit Credentials" library="resource">
<kw name="Click Button" library="SeleniumLibrary">
<arg>submit_button</arg>
<doc>Clicks the button identified by ``locator``.</doc>
<msg timestamp="20210505 16:42:57.887" level="INFO">Clicking button 'submit_button'.</msg>
<status status="PASS" starttime="20210505 16:42:57.887" endtime="20210505 16:42:57.933"/>
</kw>
<status status="PASS" starttime="20210505 16:42:57.887" endtime="20210505 16:42:57.933"/>
</kw>
<kw name="Creation Should Have Failed">
<kw name="Location Should Be" library="SeleniumLibrary">
<arg>${ERROR URL}</arg>
<doc>Verifies that the current URL is exactly ``url``.</doc>
<msg timestamp="20210505 16:42:57.936" level="INFO">Current location is 'http://localhost:7212/classCreationError.html'.</msg>
<status status="PASS" starttime="20210505 16:42:57.933" endtime="20210505 16:42:57.936"/>
</kw>
<kw name="Title Should Be" library="SeleniumLibrary">
<arg>Error Page</arg>
<doc>Verifies that the current page title equals ``title``.</doc>
<msg timestamp="20210505 16:42:57.938" level="INFO">Page title is 'Error Page'.</msg>
<status status="PASS" starttime="20210505 16:42:57.936" endtime="20210505 16:42:57.938"/>
</kw>
<status status="PASS" starttime="20210505 16:42:57.933" endtime="20210505 16:42:57.938"/>
</kw>
<status status="PASS" starttime="20210505 16:42:57.710" endtime="20210505 16:42:57.939"/>
</kw>
<status status="PASS" starttime="20210505 16:42:57.685" endtime="20210505 16:42:57.939"/>
</test>
<test id="s1-s1-t11" name="Empty Title And Description And Difficulty">
<kw name="Go To Create Page" library="resource" type="SETUP">
<kw name="Go To" library="SeleniumLibrary">
<arg>${CREATE URL}</arg>
<doc>Navigates the current browser window to the provided ``url``.</doc>
<msg timestamp="20210505 16:42:57.941" level="INFO">Opening url 'http://localhost:7212/createClass.html'</msg>
<status status="PASS" starttime="20210505 16:42:57.941" endtime="20210505 16:42:57.957"/>
</kw>
<kw name="Create Page Should Be Open" library="resource">
<kw name="Title Should Be" library="SeleniumLibrary">
<arg>Create class</arg>
<doc>Verifies that the current page title equals ``title``.</doc>
<msg timestamp="20210505 16:42:57.961" level="INFO">Page title is 'Create class'.</msg>
<status status="PASS" starttime="20210505 16:42:57.957" endtime="20210505 16:42:57.961"/>
</kw>
<status status="PASS" starttime="20210505 16:42:57.957" endtime="20210505 16:42:57.961"/>
</kw>
<status status="PASS" starttime="20210505 16:42:57.940" endtime="20210505 16:42:57.961"/>
</kw>
<kw name="Create With Missing Fields Should Fail">
<arg>${EMPTY}</arg>
<arg>${EMPTY}</arg>
<arg>0</arg>
<arg>1</arg>
<kw name="Input Title" library="resource">
<arg>${title}</arg>
<kw name="Input Text" library="SeleniumLibrary">
<arg>title_field</arg>
<arg>${title}</arg>
<doc>Types the given ``text`` into the text field identified by ``locator``.</doc>
<msg timestamp="20210505 16:42:57.964" level="INFO">Typing text '' into text field 'title_field'.</msg>
<status status="PASS" starttime="20210505 16:42:57.964" endtime="20210505 16:42:58.016"/>
</kw>
<status status="PASS" starttime="20210505 16:42:57.963" endtime="20210505 16:42:58.016"/>
</kw>
<kw name="Input Description" library="resource">
<arg>${description}</arg>
<kw name="Input Text" library="SeleniumLibrary">
<arg>description_field</arg>
<arg>${description}</arg>
<doc>Types the given ``text`` into the text field identified by ``locator``.</doc>
<msg timestamp="20210505 16:42:58.017" level="INFO">Typing text '' into text field 'description_field'.</msg>
<status status="PASS" starttime="20210505 16:42:58.017" endtime="20210505 16:42:58.067"/>
</kw>
<status status="PASS" starttime="20210505 16:42:58.017" endtime="20210505 16:42:58.068"/>
</kw>
<kw name="Select Difficulty" library="resource">
<arg>${difficulty}</arg>
<kw name="Select From List By Value" library="SeleniumLibrary">
<arg>difficulty_field</arg>
<arg>${difficulty}</arg>
<doc>Selects options from selection list ``locator`` by ``values``.</doc>
<msg timestamp="20210505 16:42:58.068" level="INFO">Selecting options from selection list 'difficulty_field' by value 0.</msg>
<status status="PASS" starttime="20210505 16:42:58.068" endtime="20210505 16:42:58.096"/>
</kw>
<status status="PASS" starttime="20210505 16:42:58.068" endtime="20210505 16:42:58.096"/>
</kw>
<kw name="Select Language" library="resource">
<arg>${language}</arg>
<kw name="Select From List By Value" library="SeleniumLibrary">
<arg>language_field</arg>
<arg>${language}</arg>
<doc>Selects options from selection list ``locator`` by ``values``.</doc>
<msg timestamp="20210505 16:42:58.097" level="INFO">Selecting options from selection list 'language_field' by value 1.</msg>
<status status="PASS" starttime="20210505 16:42:58.097" endtime="20210505 16:42:58.136"/>
</kw>
<status status="PASS" starttime="20210505 16:42:58.096" endtime="20210505 16:42:58.136"/>
</kw>
<kw name="Submit Credentials" library="resource">
<kw name="Click Button" library="SeleniumLibrary">
<arg>submit_button</arg>
<doc>Clicks the button identified by ``locator``.</doc>
<msg timestamp="20210505 16:42:58.136" level="INFO">Clicking button 'submit_button'.</msg>
<status status="PASS" starttime="20210505 16:42:58.136" endtime="20210505 16:42:58.186"/>
</kw>
<status status="PASS" starttime="20210505 16:42:58.136" endtime="20210505 16:42:58.186"/>
</kw>
<kw name="Creation Should Have Failed">
<kw name="Location Should Be" library="SeleniumLibrary">
<arg>${ERROR URL}</arg>
<doc>Verifies that the current URL is exactly ``url``.</doc>
<msg timestamp="20210505 16:42:58.191" level="INFO">Current location is 'http://localhost:7212/classCreationError.html'.</msg>
<status status="PASS" starttime="20210505 16:42:58.187" endtime="20210505 16:42:58.191"/>
</kw>
<kw name="Title Should Be" library="SeleniumLibrary">
<arg>Error Page</arg>
<doc>Verifies that the current page title equals ``title``.</doc>
<msg timestamp="20210505 16:42:58.194" level="INFO">Page title is 'Error Page'.</msg>
<status status="PASS" starttime="20210505 16:42:58.191" endtime="20210505 16:42:58.194"/>
</kw>
<status status="PASS" starttime="20210505 16:42:58.187" endtime="20210505 16:42:58.194"/>
</kw>
<status status="PASS" starttime="20210505 16:42:57.961" endtime="20210505 16:42:58.194"/>
</kw>
<status status="PASS" starttime="20210505 16:42:57.940" endtime="20210505 16:42:58.195"/>
</test>
<test id="s1-s1-t12" name="Empty Title And Description And Language">
<kw name="Go To Create Page" library="resource" type="SETUP">
<kw name="Go To" library="SeleniumLibrary">
<arg>${CREATE URL}</arg>
<doc>Navigates the current browser window to the provided ``url``.</doc>
<msg timestamp="20210505 16:42:58.199" level="INFO">Opening url 'http://localhost:7212/createClass.html'</msg>
<status status="PASS" starttime="20210505 16:42:58.198" endtime="20210505 16:42:58.215"/>
</kw>
<kw name="Create Page Should Be Open" library="resource">
<kw name="Title Should Be" library="SeleniumLibrary">
<arg>Create class</arg>
<doc>Verifies that the current page title equals ``title``.</doc>
<msg timestamp="20210505 16:42:58.219" level="INFO">Page title is 'Create class'.</msg>
<status status="PASS" starttime="20210505 16:42:58.215" endtime="20210505 16:42:58.219"/>
</kw>
<status status="PASS" starttime="20210505 16:42:58.215" endtime="20210505 16:42:58.219"/>
</kw>
<status status="PASS" starttime="20210505 16:42:58.198" endtime="20210505 16:42:58.220"/>
</kw>
<kw name="Create With Missing Fields Should Fail">
<arg>${EMPTY}</arg>
<arg>${EMPTY}</arg>
<arg>1</arg>
<arg>0</arg>
<kw name="Input Title" library="resource">
<arg>${title}</arg>
<kw name="Input Text" library="SeleniumLibrary">
<arg>title_field</arg>
<arg>${title}</arg>
<doc>Types the given ``text`` into the text field identified by ``locator``.</doc>
<msg timestamp="20210505 16:42:58.221" level="INFO">Typing text '' into text field 'title_field'.</msg>
<status status="PASS" starttime="20210505 16:42:58.221" endtime="20210505 16:42:58.275"/>
</kw>
<status status="PASS" starttime="20210505 16:42:58.221" endtime="20210505 16:42:58.275"/>
</kw>
<kw name="Input Description" library="resource">
<arg>${description}</arg>
<kw name="Input Text" library="SeleniumLibrary">
<arg>description_field</arg>
<arg>${description}</arg>
<doc>Types the given ``text`` into the text field identified by ``locator``.</doc>
<msg timestamp="20210505 16:42:58.276" level="INFO">Typing text '' into text field 'description_field'.</msg>
<status status="PASS" starttime="20210505 16:42:58.276" endtime="20210505 16:42:58.324"/>
</kw>
<status status="PASS" starttime="20210505 16:42:58.275" endtime="20210505 16:42:58.324"/>
</kw>
<kw name="Select Difficulty" library="resource">
<arg>${difficulty}</arg>
<kw name="Select From List By Value" library="SeleniumLibrary">
<arg>difficulty_field</arg>
<arg>${difficulty}</arg>
<doc>Selects options from selection list ``locator`` by ``values``.</doc>
<msg timestamp="20210505 16:42:58.324" level="INFO">Selecting options from selection list 'difficulty_field' by value 1.</msg>
<status status="PASS" starttime="20210505 16:42:58.324" endtime="20210505 16:42:58.367"/>
</kw>
<status status="PASS" starttime="20210505 16:42:58.324" endtime="20210505 16:42:58.367"/>
</kw>
<kw name="Select Language" library="resource">
<arg>${language}</arg>
<kw name="Select From List By Value" library="SeleniumLibrary">
<arg>language_field</arg>
<arg>${language}</arg>
<doc>Selects options from selection list ``locator`` by ``values``.</doc>
<msg timestamp="20210505 16:42:58.368" level="INFO">Selecting options from selection list 'language_field' by value 0.</msg>
<status status="PASS" starttime="20210505 16:42:58.368" endtime="20210505 16:42:58.396"/>
</kw>
<status status="PASS" starttime="20210505 16:42:58.367" endtime="20210505 16:42:58.396"/>
</kw>
<kw name="Submit Credentials" library="resource">
<kw name="Click Button" library="SeleniumLibrary">
<arg>submit_button</arg>
<doc>Clicks the button identified by ``locator``.</doc>
<msg timestamp="20210505 16:42:58.397" level="INFO">Clicking button 'submit_button'.</msg>
<status status="PASS" starttime="20210505 16:42:58.397" endtime="20210505 16:42:58.442"/>
</kw>
<status status="PASS" starttime="20210505 16:42:58.396" endtime="20210505 16:42:58.442"/>
</kw>
<kw name="Creation Should Have Failed">
<kw name="Location Should Be" library="SeleniumLibrary">
<arg>${ERROR URL}</arg>
<doc>Verifies that the current URL is exactly ``url``.</doc>
<msg timestamp="20210505 16:42:58.446" level="INFO">Current location is 'http://localhost:7212/classCreationError.html'.</msg>
<status status="PASS" starttime="20210505 16:42:58.443" endtime="20210505 16:42:58.447"/>
</kw>
<kw name="Title Should Be" library="SeleniumLibrary">
<arg>Error Page</arg>
<doc>Verifies that the current page title equals ``title``.</doc>
<msg timestamp="20210505 16:42:58.449" level="INFO">Page title is 'Error Page'.</msg>
<status status="PASS" starttime="20210505 16:42:58.447" endtime="20210505 16:42:58.449"/>
</kw>
<status status="PASS" starttime="20210505 16:42:58.443" endtime="20210505 16:42:58.450"/>
</kw>
<status status="PASS" starttime="20210505 16:42:58.220" endtime="20210505 16:42:58.450"/>
</kw>
<status status="PASS" starttime="20210505 16:42:58.197" endtime="20210505 16:42:58.450"/>
</test>
<test id="s1-s1-t13" name="Empty Title And Difficulty And Language">
<kw name="Go To Create Page" library="resource" type="SETUP">
<kw name="Go To" library="SeleniumLibrary">
<arg>${CREATE URL}</arg>
<doc>Navigates the current browser window to the provided ``url``.</doc>
<msg timestamp="20210505 16:42:58.452" level="INFO">Opening url 'http://localhost:7212/createClass.html'</msg>
<status status="PASS" starttime="20210505 16:42:58.452" endtime="20210505 16:42:58.471"/>
</kw>
<kw name="Create Page Should Be Open" library="resource">
<kw name="Title Should Be" library="SeleniumLibrary">
<arg>Create class</arg>
<doc>Verifies that the current page title equals ``title``.</doc>
<msg timestamp="20210505 16:42:58.475" level="INFO">Page title is 'Create class'.</msg>
<status status="PASS" starttime="20210505 16:42:58.472" endtime="20210505 16:42:58.475"/>
</kw>
<status status="PASS" starttime="20210505 16:42:58.471" endtime="20210505 16:42:58.475"/>
</kw>
<status status="PASS" starttime="20210505 16:42:58.452" endtime="20210505 16:42:58.475"/>
</kw>
<kw name="Create With Missing Fields Should Fail">
<arg>${EMPTY}</arg>
<arg>Suitable for chlidren</arg>
<arg>0</arg>
<arg>0</arg>
<kw name="Input Title" library="resource">
<arg>${title}</arg>
<kw name="Input Text" library="SeleniumLibrary">
<arg>title_field</arg>
<arg>${title}</arg>
<doc>Types the given ``text`` into the text field identified by ``locator``.</doc>
<msg timestamp="20210505 16:42:58.477" level="INFO">Typing text '' into text field 'title_field'.</msg>
<status status="PASS" starttime="20210505 16:42:58.476" endtime="20210505 16:42:58.537"/>
</kw>
<status status="PASS" starttime="20210505 16:42:58.476" endtime="20210505 16:42:58.537"/>
</kw>
<kw name="Input Description" library="resource">
<arg>${description}</arg>
<kw name="Input Text" library="SeleniumLibrary">
<arg>description_field</arg>
<arg>${description}</arg>
<doc>Types the given ``text`` into the text field identified by ``locator``.</doc>
<msg timestamp="20210505 16:42:58.537" level="INFO">Typing text 'Suitable for chlidren' into text field 'description_field'.</msg>
<status status="PASS" starttime="20210505 16:42:58.537" endtime="20210505 16:42:58.600"/>
</kw>
<status status="PASS" starttime="20210505 16:42:58.537" endtime="20210505 16:42:58.600"/>
</kw>
<kw name="Select Difficulty" library="resource">
<arg>${difficulty}</arg>
<kw name="Select From List By Value" library="SeleniumLibrary">
<arg>difficulty_field</arg>
<arg>${difficulty}</arg>
<doc>Selects options from selection list ``locator`` by ``values``.</doc>
<msg timestamp="20210505 16:42:58.600" level="INFO">Selecting options from selection list 'difficulty_field' by value 0.</msg>
<status status="PASS" starttime="20210505 16:42:58.600" endtime="20210505 16:42:58.625"/>
</kw>
<status status="PASS" starttime="20210505 16:42:58.600" endtime="20210505 16:42:58.625"/>
</kw>
<kw name="Select Language" library="resource">
<arg>${language}</arg>
<kw name="Select From List By Value" library="SeleniumLibrary">
<arg>language_field</arg>
<arg>${language}</arg>
<doc>Selects options from selection list ``locator`` by ``values``.</doc>
<msg timestamp="20210505 16:42:58.627" level="INFO">Selecting options from selection list 'language_field' by value 0.</msg>
<status status="PASS" starttime="20210505 16:42:58.625" endtime="20210505 16:42:58.650"/>
</kw>
<status status="PASS" starttime="20210505 16:42:58.625" endtime="20210505 16:42:58.651"/>
</kw>
<kw name="Submit Credentials" library="resource">
<kw name="Click Button" library="SeleniumLibrary">
<arg>submit_button</arg>
<doc>Clicks the button identified by ``locator``.</doc>
<msg timestamp="20210505 16:42:58.651" level="INFO">Clicking button 'submit_button'.</msg>
<status status="PASS" starttime="20210505 16:42:58.651" endtime="20210505 16:42:58.703"/>
</kw>
<status status="PASS" starttime="20210505 16:42:58.651" endtime="20210505 16:42:58.703"/>
</kw>
<kw name="Creation Should Have Failed">
<kw name="Location Should Be" library="SeleniumLibrary">
<arg>${ERROR URL}</arg>
<doc>Verifies that the current URL is exactly ``url``.</doc>
<msg timestamp="20210505 16:42:58.706" level="INFO">Current location is 'http://localhost:7212/classCreationError.html'.</msg>
<status status="PASS" starttime="20210505 16:42:58.703" endtime="20210505 16:42:58.706"/>
</kw>
<kw name="Title Should Be" library="SeleniumLibrary">
<arg>Error Page</arg>
<doc>Verifies that the current page title equals ``title``.</doc>
<msg timestamp="20210505 16:42:58.709" level="INFO">Page title is 'Error Page'.</msg>
<status status="PASS" starttime="20210505 16:42:58.706" endtime="20210505 16:42:58.709"/>
</kw>
<status status="PASS" starttime="20210505 16:42:58.703" endtime="20210505 16:42:58.709"/>
</kw>
<status status="PASS" starttime="20210505 16:42:58.475" endtime="20210505 16:42:58.709"/>
</kw>
<status status="PASS" starttime="20210505 16:42:58.451" endtime="20210505 16:42:58.710"/>
</test>
<test id="s1-s1-t14" name="Empty Description And Difficulty And Language">
<kw name="Go To Create Page" library="resource" type="SETUP">
<kw name="Go To" library="SeleniumLibrary">
<arg>${CREATE URL}</arg>
<doc>Navigates the current browser window to the provided ``url``.</doc>
<msg timestamp="20210505 16:42:58.713" level="INFO">Opening url 'http://localhost:7212/createClass.html'</msg>
<status status="PASS" starttime="20210505 16:42:58.712" endtime="20210505 16:42:58.728"/>
</kw>
<kw name="Create Page Should Be Open" library="resource">
<kw name="Title Should Be" library="SeleniumLibrary">
<arg>Create class</arg>
<doc>Verifies that the current page title equals ``title``.</doc>
<msg timestamp="20210505 16:42:58.733" level="INFO">Page title is 'Create class'.</msg>
<status status="PASS" starttime="20210505 16:42:58.729" endtime="20210505 16:42:58.733"/>
</kw>
<status status="PASS" starttime="20210505 16:42:58.729" endtime="20210505 16:42:58.733"/>
</kw>
<status status="PASS" starttime="20210505 16:42:58.711" endtime="20210505 16:42:58.733"/>
</kw>
<kw name="Create With Missing Fields Should Fail">
<arg>Basic Yoga</arg>
<arg>${EMPTY}</arg>
<arg>0</arg>
<arg>0</arg>
<kw name="Input Title" library="resource">
<arg>${title}</arg>
<kw name="Input Text" library="SeleniumLibrary">
<arg>title_field</arg>
<arg>${title}</arg>
<doc>Types the given ``text`` into the text field identified by ``locator``.</doc>
<msg timestamp="20210505 16:42:58.735" level="INFO">Typing text 'Basic Yoga' into text field 'title_field'.</msg>
<status status="PASS" starttime="20210505 16:42:58.735" endtime="20210505 16:42:58.794"/>
</kw>
<status status="PASS" starttime="20210505 16:42:58.734" endtime="20210505 16:42:58.794"/>
</kw>
<kw name="Input Description" library="resource">
<arg>${description}</arg>
<kw name="Input Text" library="SeleniumLibrary">
<arg>description_field</arg>
<arg>${description}</arg>
<doc>Types the given ``text`` into the text field identified by ``locator``.</doc>
<msg timestamp="20210505 16:42:58.795" level="INFO">Typing text '' into text field 'description_field'.</msg>
<status status="PASS" starttime="20210505 16:42:58.795" endtime="20210505 16:42:58.844"/>
</kw>
<status status="PASS" starttime="20210505 16:42:58.795" endtime="20210505 16:42:58.844"/>
</kw>
<kw name="Select Difficulty" library="resource">
<arg>${difficulty}</arg>
<kw name="Select From List By Value" library="SeleniumLibrary">
<arg>difficulty_field</arg>
<arg>${difficulty}</arg>
<doc>Selects options from selection list ``locator`` by ``values``.</doc>
<msg timestamp="20210505 16:42:58.845" level="INFO">Selecting options from selection list 'difficulty_field' by value 0.</msg>
<status status="PASS" starttime="20210505 16:42:58.845" endtime="20210505 16:42:58.872"/>
</kw>
<status status="PASS" starttime="20210505 16:42:58.844" endtime="20210505 16:42:58.872"/>
</kw>
<kw name="Select Language" library="resource">
<arg>${language}</arg>
<kw name="Select From List By Value" library="SeleniumLibrary">
<arg>language_field</arg>
<arg>${language}</arg>
<doc>Selects options from selection list ``locator`` by ``values``.</doc>
<msg timestamp="20210505 16:42:58.872" level="INFO">Selecting options from selection list 'language_field' by value 0.</msg>
<status status="PASS" starttime="20210505 16:42:58.872" endtime="20210505 16:42:58.899"/>
</kw>
<status status="PASS" starttime="20210505 16:42:58.872" endtime="20210505 16:42:58.899"/>
</kw>
<kw name="Submit Credentials" library="resource">
<kw name="Click Button" library="SeleniumLibrary">
<arg>submit_button</arg>
<doc>Clicks the button identified by ``locator``.</doc>
<msg timestamp="20210505 16:42:58.900" level="INFO">Clicking button 'submit_button'.</msg>
<status status="PASS" starttime="20210505 16:42:58.900" endtime="20210505 16:42:58.944"/>
</kw>
<status status="PASS" starttime="20210505 16:42:58.899" endtime="20210505 16:42:58.945"/>
</kw>
<kw name="Creation Should Have Failed">
<kw name="Location Should Be" library="SeleniumLibrary">
<arg>${ERROR URL}</arg>
<doc>Verifies that the current URL is exactly ``url``.</doc>
<msg timestamp="20210505 16:42:58.948" level="INFO">Current location is 'http://localhost:7212/classCreationError.html'.</msg>
<status status="PASS" starttime="20210505 16:42:58.945" endtime="20210505 16:42:58.948"/>
</kw>
<kw name="Title Should Be" library="SeleniumLibrary">
<arg>Error Page</arg>
<doc>Verifies that the current page title equals ``title``.</doc>
<msg timestamp="20210505 16:42:58.951" level="INFO">Page title is 'Error Page'.</msg>
<status status="PASS" starttime="20210505 16:42:58.948" endtime="20210505 16:42:58.951"/>
</kw>
<status status="PASS" starttime="20210505 16:42:58.945" endtime="20210505 16:42:58.951"/>
</kw>
<status status="PASS" starttime="20210505 16:42:58.734" endtime="20210505 16:42:58.951"/>
</kw>
<status status="PASS" starttime="20210505 16:42:58.711" endtime="20210505 16:42:58.951"/>
</test>
<test id="s1-s1-t15" name="Empty All">
<kw name="Go To Create Page" library="resource" type="SETUP">
<kw name="Go To" library="SeleniumLibrary">
<arg>${CREATE URL}</arg>
<doc>Navigates the current browser window to the provided ``url``.</doc>
<msg timestamp="20210505 16:42:58.953" level="INFO">Opening url 'http://localhost:7212/createClass.html'</msg>
<status status="PASS" starttime="20210505 16:42:58.953" endtime="20210505 16:42:58.969"/>
</kw>
<kw name="Create Page Should Be Open" library="resource">
<kw name="Title Should Be" library="SeleniumLibrary">
<arg>Create class</arg>
<doc>Verifies that the current page title equals ``title``.</doc>
<msg timestamp="20210505 16:42:58.972" level="INFO">Page title is 'Create class'.</msg>
<status status="PASS" starttime="20210505 16:42:58.970" endtime="20210505 16:42:58.972"/>
</kw>
<status status="PASS" starttime="20210505 16:42:58.970" endtime="20210505 16:42:58.972"/>
</kw>
<status status="PASS" starttime="20210505 16:42:58.953" endtime="20210505 16:42:58.973"/>
</kw>
<kw name="Create With Missing Fields Should Fail">
<arg>${EMPTY}</arg>
<arg>${EMPTY}</arg>
<arg>0</arg>
<arg>0</arg>
<kw name="Input Title" library="resource">
<arg>${title}</arg>
<kw name="Input Text" library="SeleniumLibrary">
<arg>title_field</arg>
<arg>${title}</arg>
<doc>Types the given ``text`` into the text field identified by ``locator``.</doc>
<msg timestamp="20210505 16:42:58.974" level="INFO">Typing text '' into text field 'title_field'.</msg>
<status status="PASS" starttime="20210505 16:42:58.974" endtime="20210505 16:42:59.031"/>
</kw>
<status status="PASS" starttime="20210505 16:42:58.974" endtime="20210505 16:42:59.031"/>
</kw>
<kw name="Input Description" library="resource">
<arg>${description}</arg>
<kw name="Input Text" library="SeleniumLibrary">
<arg>description_field</arg>
<arg>${description}</arg>
<doc>Types the given ``text`` into the text field identified by ``locator``.</doc>
<msg timestamp="20210505 16:42:59.032" level="INFO">Typing text '' into text field 'description_field'.</msg>
<status status="PASS" starttime="20210505 16:42:59.032" endtime="20210505 16:42:59.083"/>
</kw>
<status status="PASS" starttime="20210505 16:42:59.031" endtime="20210505 16:42:59.083"/>
</kw>
<kw name="Select Difficulty" library="resource">
<arg>${difficulty}</arg>
<kw name="Select From List By Value" library="SeleniumLibrary">
<arg>difficulty_field</arg>
<arg>${difficulty}</arg>
<doc>Selects options from selection list ``locator`` by ``values``.</doc>
<msg timestamp="20210505 16:42:59.084" level="INFO">Selecting options from selection list 'difficulty_field' by value 0.</msg>
<status status="PASS" starttime="20210505 16:42:59.084" endtime="20210505 16:42:59.112"/>
</kw>
<status status="PASS" starttime="20210505 16:42:59.083" endtime="20210505 16:42:59.112"/>
</kw>
<kw name="Select Language" library="resource">
<arg>${language}</arg>
<kw name="Select From List By Value" library="SeleniumLibrary">
<arg>language_field</arg>
<arg>${language}</arg>
<doc>Selects options from selection list ``locator`` by ``values``.</doc>
<msg timestamp="20210505 16:42:59.113" level="INFO">Selecting options from selection list 'language_field' by value 0.</msg>
<status status="PASS" starttime="20210505 16:42:59.113" endtime="20210505 16:42:59.142"/>
</kw>
<status status="PASS" starttime="20210505 16:42:59.112" endtime="20210505 16:42:59.142"/>
</kw>
<kw name="Submit Credentials" library="resource">
<kw name="Click Button" library="SeleniumLibrary">
<arg>submit_button</arg>
<doc>Clicks the button identified by ``locator``.</doc>
<msg timestamp="20210505 16:42:59.142" level="INFO">Clicking button 'submit_button'.</msg>
<status status="PASS" starttime="20210505 16:42:59.142" endtime="20210505 16:42:59.190"/>
</kw>
<status status="PASS" starttime="20210505 16:42:59.142" endtime="20210505 16:42:59.190"/>
</kw>
<kw name="Creation Should Have Failed">
<kw name="Location Should Be" library="SeleniumLibrary">
<arg>${ERROR URL}</arg>
<doc>Verifies that the current URL is exactly ``url``.</doc>
<msg timestamp="20210505 16:42:59.193" level="INFO">Current location is 'http://localhost:7212/classCreationError.html'.</msg>
<status status="PASS" starttime="20210505 16:42:59.190" endtime="20210505 16:42:59.193"/>
</kw>
<kw name="Title Should Be" library="SeleniumLibrary">
<arg>Error Page</arg>
<doc>Verifies that the current page title equals ``title``.</doc>
<msg timestamp="20210505 16:42:59.197" level="INFO">Page title is 'Error Page'.</msg>
<status status="PASS" starttime="20210505 16:42:59.193" endtime="20210505 16:42:59.197"/>
</kw>
<status status="PASS" starttime="20210505 16:42:59.190" endtime="20210505 16:42:59.197"/>
</kw>
<status status="PASS" starttime="20210505 16:42:58.973" endtime="20210505 16:42:59.197"/>
</kw>
<status status="PASS" starttime="20210505 16:42:58.952" endtime="20210505 16:42:59.198"/>
</test>
<kw name="Close Browser" library="SeleniumLibrary" type="TEARDOWN">
<doc>Closes the current browser.</doc>
<status status="PASS" starttime="20210505 16:42:59.199" endtime="20210505 16:43:01.366"/>
</kw>
<doc>A test suite containing tests related to invalid create class.

These tests are data-driven by their nature. They use a single
keyword, specified with Test Template setting, that is called
with different arguments to cover different scenarios.

This suite also demonstrates using setups and teardowns in
different levels.</doc>
<status status="PASS" starttime="20210505 16:42:52.777" endtime="20210505 16:43:01.366"/>
</suite>
<suite id="s1-s2" name="Valid Create" source="D:\WebDemo-main\create_tests\valid_create.robot">
<test id="s1-s2-t1" name="Valid Create Class">
<kw name="Open Browser To Create Page" library="resource">
<kw name="Open Browser" library="SeleniumLibrary">
<arg>${CREATE URL}</arg>
<arg>${BROWSER}</arg>
<doc>Opens a new browser instance to the optional ``url``.</doc>
<msg timestamp="20210505 16:43:01.373" level="INFO">Opening browser 'Chrome' to base url 'http://localhost:7212/createClass.html'.</msg>
<status status="PASS" starttime="20210505 16:43:01.373" endtime="20210505 16:43:02.921"/>
</kw>
<kw name="Maximize Browser Window" library="SeleniumLibrary">
<doc>Maximizes current browser window.</doc>
<status status="PASS" starttime="20210505 16:43:02.922" endtime="20210505 16:43:03.050"/>
</kw>
<kw name="Set Selenium Speed" library="SeleniumLibrary">
<arg>${DELAY}</arg>
<doc>Sets the delay that is waited after each Selenium command.</doc>
<status status="PASS" starttime="20210505 16:43:03.050" endtime="20210505 16:43:03.050"/>
</kw>
<kw name="Create Page Should Be Open" library="resource">
<kw name="Title Should Be" library="SeleniumLibrary">
<arg>Create class</arg>
<doc>Verifies that the current page title equals ``title``.</doc>
<msg timestamp="20210505 16:43:03.055" level="INFO">Page title is 'Create class'.</msg>
<status status="PASS" starttime="20210505 16:43:03.051" endtime="20210505 16:43:03.055"/>
</kw>
<status status="PASS" starttime="20210505 16:43:03.050" endtime="20210505 16:43:03.055"/>
</kw>
<status status="PASS" starttime="20210505 16:43:01.373" endtime="20210505 16:43:03.055"/>
</kw>
<kw name="Input Title" library="resource">
<arg>Basic Yoga</arg>
<kw name="Input Text" library="SeleniumLibrary">
<arg>title_field</arg>
<arg>${title}</arg>
<doc>Types the given ``text`` into the text field identified by ``locator``.</doc>
<msg timestamp="20210505 16:43:03.056" level="INFO">Typing text 'Basic Yoga' into text field 'title_field'.</msg>
<status status="PASS" starttime="20210505 16:43:03.056" endtime="20210505 16:43:03.134"/>
</kw>
<status status="PASS" starttime="20210505 16:43:03.055" endtime="20210505 16:43:03.135"/>
</kw>
<kw name="Input Description" library="resource">
<arg>Suitable for children</arg>
<kw name="Input Text" library="SeleniumLibrary">
<arg>description_field</arg>
<arg>${description}</arg>
<doc>Types the given ``text`` into the text field identified by ``locator``.</doc>
<msg timestamp="20210505 16:43:03.136" level="INFO">Typing text 'Suitable for children' into text field 'description_field'.</msg>
<status status="PASS" starttime="20210505 16:43:03.135" endtime="20210505 16:43:03.208"/>
</kw>
<status status="PASS" starttime="20210505 16:43:03.135" endtime="20210505 16:43:03.208"/>
</kw>
<kw name="Select Difficulty" library="resource">
<arg>2</arg>
<kw name="Select From List By Value" library="SeleniumLibrary">
<arg>difficulty_field</arg>
<arg>${difficulty}</arg>
<doc>Selects options from selection list ``locator`` by ``values``.</doc>
<msg timestamp="20210505 16:43:03.209" level="INFO">Selecting options from selection list 'difficulty_field' by value 2.</msg>
<status status="PASS" starttime="20210505 16:43:03.209" endtime="20210505 16:43:03.259"/>
</kw>
<status status="PASS" starttime="20210505 16:43:03.208" endtime="20210505 16:43:03.259"/>
</kw>
<kw name="Select Language" library="resource">
<arg>3</arg>
<kw name="Select From List By Value" library="SeleniumLibrary">
<arg>language_field</arg>
<arg>${language}</arg>
<doc>Selects options from selection list ``locator`` by ``values``.</doc>
<msg timestamp="20210505 16:43:03.261" level="INFO">Selecting options from selection list 'language_field' by value 3.</msg>
<status status="PASS" starttime="20210505 16:43:03.260" endtime="20210505 16:43:03.312"/>
</kw>
<status status="PASS" starttime="20210505 16:43:03.259" endtime="20210505 16:43:03.312"/>
</kw>
<kw name="Submit Credentials" library="resource">
<kw name="Click Button" library="SeleniumLibrary">
<arg>submit_button</arg>
<doc>Clicks the button identified by ``locator``.</doc>
<msg timestamp="20210505 16:43:03.313" level="INFO">Clicking button 'submit_button'.</msg>
<status status="PASS" starttime="20210505 16:43:03.313" endtime="20210505 16:43:03.689"/>
</kw>
<status status="PASS" starttime="20210505 16:43:03.313" endtime="20210505 16:43:03.690"/>
</kw>
<kw name="Result Page Should Be Open" library="resource">
<kw name="Location Should Be" library="SeleniumLibrary">
<arg>${RESULT URL}</arg>
<doc>Verifies that the current URL is exactly ``url``.</doc>
<msg timestamp="20210505 16:43:03.694" level="INFO">Current location is 'http://localhost:7212/classCreated.html'.</msg>
<status status="PASS" starttime="20210505 16:43:03.690" endtime="20210505 16:43:03.694"/>
</kw>
<kw name="Title Should Be" library="SeleniumLibrary">
<arg>Result Page</arg>
<doc>Verifies that the current page title equals ``title``.</doc>
<msg timestamp="20210505 16:43:03.698" level="INFO">Page title is 'Result Page'.</msg>
<status status="PASS" starttime="20210505 16:43:03.694" endtime="20210505 16:43:03.698"/>
</kw>
<status status="PASS" starttime="20210505 16:43:03.690" endtime="20210505 16:43:03.698"/>
</kw>
<kw name="Close Browser" library="SeleniumLibrary" type="TEARDOWN">
<doc>Closes the current browser.</doc>
<status status="PASS" starttime="20210505 16:43:03.699" endtime="20210505 16:43:05.806"/>
</kw>
<status status="PASS" starttime="20210505 16:43:01.372" endtime="20210505 16:43:05.807"/>
</test>
<doc>A test suite with a single test for valid create class.

This test has a workflow that is created using keywords in
the imported resource file.</doc>
<status status="PASS" starttime="20210505 16:43:01.369" endtime="20210505 16:43:05.808"/>
</suite>
<status status="PASS" starttime="20210505 16:42:52.750" endtime="20210505 16:43:05.811"/>
</suite>
<statistics>
<total>
<stat pass="16" fail="0" skip="0">All Tests</stat>
</total>
<tag>
</tag>
<suite>
<stat pass="16" fail="0" skip="0" id="s1" name="Create Tests">Create Tests</stat>
<stat pass="15" fail="0" skip="0" id="s1-s1" name="Invalid Create">Create Tests.Invalid Create</stat>
<stat pass="1" fail="0" skip="0" id="s1-s2" name="Valid Create">Create Tests.Valid Create</stat>
</suite>
</statistics>
<errors>
</errors>
</robot>
